[2022-07-06 15:40:07,432] {taskinstance.py:1159} INFO - Dependencies all met for <TaskInstance: my_dag.training_model_A manual__2022-07-06T15:40:01.040660+00:00 [queued]>
[2022-07-06 15:40:08,282] {taskinstance.py:1159} INFO - Dependencies all met for <TaskInstance: my_dag.training_model_A manual__2022-07-06T15:40:01.040660+00:00 [queued]>
[2022-07-06 15:40:08,329] {taskinstance.py:1356} INFO - 
--------------------------------------------------------------------------------
[2022-07-06 15:40:08,365] {taskinstance.py:1357} INFO - Starting attempt 1 of 1
[2022-07-06 15:40:08,379] {taskinstance.py:1358} INFO - 
--------------------------------------------------------------------------------
[2022-07-06 15:40:09,533] {taskinstance.py:1377} INFO - Executing <Task(PythonOperator): training_model_A> on 2022-07-06 15:40:01.040660+00:00
[2022-07-06 15:40:09,931] {standard_task_runner.py:52} INFO - Started process 181 to run task
[2022-07-06 15:40:10,289] {standard_task_runner.py:79} INFO - Running: ['***', 'tasks', 'run', 'my_dag', 'training_model_A', 'manual__2022-07-06T15:40:01.040660+00:00', '--job-id', '18', '--raw', '--subdir', 'DAGS_FOLDER/my_ml_dag.py', '--cfg-path', '/tmp/tmprrsh55tk', '--error-file', '/tmp/tmpavf467n8']
[2022-07-06 15:40:10,317] {standard_task_runner.py:80} INFO - Job 18: Subtask training_model_A
[2022-07-06 15:40:13,214] {task_command.py:370} INFO - Running <TaskInstance: my_dag.training_model_A manual__2022-07-06T15:40:01.040660+00:00 [running]> on host fce85b9f2669
[2022-07-06 15:40:15,286] {taskinstance.py:1569} INFO - Exporting the following env vars:
AIRFLOW_CTX_DAG_OWNER=***
AIRFLOW_CTX_DAG_ID=my_dag
AIRFLOW_CTX_TASK_ID=training_model_A
AIRFLOW_CTX_EXECUTION_DATE=2022-07-06T15:40:01.040660+00:00
AIRFLOW_CTX_TRY_NUMBER=1
AIRFLOW_CTX_DAG_RUN_ID=manual__2022-07-06T15:40:01.040660+00:00
[2022-07-06 15:40:15,311] {python.py:173} INFO - Done. Returned value was: 4
[2022-07-06 15:40:16,112] {taskinstance.py:1395} INFO - Marking task as SUCCESS. dag_id=my_dag, task_id=training_model_A, execution_date=20220706T154001, start_date=20220706T154007, end_date=20220706T154016
[2022-07-06 15:40:16,472] {local_task_job.py:156} INFO - Task exited with return code 0
[2022-07-06 15:40:16,914] {local_task_job.py:273} INFO - 0 downstream tasks scheduled from follow-on schedule check
