[2022-07-06 15:43:20,881] {taskinstance.py:1159} INFO - Dependencies all met for <TaskInstance: my_dag.choose_best_model manual__2022-07-06T15:43:05.674045+00:00 [queued]>
[2022-07-06 15:43:20,988] {taskinstance.py:1159} INFO - Dependencies all met for <TaskInstance: my_dag.choose_best_model manual__2022-07-06T15:43:05.674045+00:00 [queued]>
[2022-07-06 15:43:20,992] {taskinstance.py:1356} INFO - 
--------------------------------------------------------------------------------
[2022-07-06 15:43:20,998] {taskinstance.py:1357} INFO - Starting attempt 1 of 1
[2022-07-06 15:43:21,001] {taskinstance.py:1358} INFO - 
--------------------------------------------------------------------------------
[2022-07-06 15:43:21,142] {taskinstance.py:1377} INFO - Executing <Task(BranchPythonOperator): choose_best_model> on 2022-07-06 15:43:05.674045+00:00
[2022-07-06 15:43:21,185] {standard_task_runner.py:52} INFO - Started process 302 to run task
[2022-07-06 15:43:21,207] {standard_task_runner.py:79} INFO - Running: ['***', 'tasks', 'run', 'my_dag', 'choose_best_model', 'manual__2022-07-06T15:43:05.674045+00:00', '--job-id', '33', '--raw', '--subdir', 'DAGS_FOLDER/my_ml_dag.py', '--cfg-path', '/tmp/tmpc4mbu66q', '--error-file', '/tmp/tmp1ossdxgq']
[2022-07-06 15:43:21,210] {standard_task_runner.py:80} INFO - Job 33: Subtask choose_best_model
[2022-07-06 15:43:21,598] {task_command.py:370} INFO - Running <TaskInstance: my_dag.choose_best_model manual__2022-07-06T15:43:05.674045+00:00 [running]> on host fce85b9f2669
[2022-07-06 15:43:21,912] {taskinstance.py:1569} INFO - Exporting the following env vars:
AIRFLOW_CTX_DAG_OWNER=***
AIRFLOW_CTX_DAG_ID=my_dag
AIRFLOW_CTX_TASK_ID=choose_best_model
AIRFLOW_CTX_EXECUTION_DATE=2022-07-06T15:43:05.674045+00:00
AIRFLOW_CTX_TRY_NUMBER=1
AIRFLOW_CTX_DAG_RUN_ID=manual__2022-07-06T15:43:05.674045+00:00
[2022-07-06 15:43:21,975] {python.py:173} INFO - Done. Returned value was: inaccurate
[2022-07-06 15:43:21,977] {skipmixin.py:140} INFO - Following branch inaccurate
[2022-07-06 15:43:21,980] {skipmixin.py:175} INFO - Skipping tasks ['accurate']
[2022-07-06 15:43:22,276] {taskinstance.py:1395} INFO - Marking task as SUCCESS. dag_id=my_dag, task_id=choose_best_model, execution_date=20220706T154305, start_date=20220706T154320, end_date=20220706T154322
[2022-07-06 15:43:22,346] {local_task_job.py:156} INFO - Task exited with return code 0
[2022-07-06 15:43:22,494] {local_task_job.py:273} INFO - 1 downstream tasks scheduled from follow-on schedule check
