[2022-07-06 15:42:00,705] {taskinstance.py:1159} INFO - Dependencies all met for <TaskInstance: my_dag.training_model_C manual__2022-07-06T15:41:51.506436+00:00 [queued]>
[2022-07-06 15:42:00,984] {taskinstance.py:1159} INFO - Dependencies all met for <TaskInstance: my_dag.training_model_C manual__2022-07-06T15:41:51.506436+00:00 [queued]>
[2022-07-06 15:42:01,005] {taskinstance.py:1356} INFO - 
--------------------------------------------------------------------------------
[2022-07-06 15:42:01,008] {taskinstance.py:1357} INFO - Starting attempt 1 of 1
[2022-07-06 15:42:01,019] {taskinstance.py:1358} INFO - 
--------------------------------------------------------------------------------
[2022-07-06 15:42:01,325] {taskinstance.py:1377} INFO - Executing <Task(PythonOperator): training_model_C> on 2022-07-06 15:41:51.506436+00:00
[2022-07-06 15:42:01,422] {standard_task_runner.py:52} INFO - Started process 251 to run task
[2022-07-06 15:42:01,450] {standard_task_runner.py:79} INFO - Running: ['***', 'tasks', 'run', 'my_dag', 'training_model_C', 'manual__2022-07-06T15:41:51.506436+00:00', '--job-id', '27', '--raw', '--subdir', 'DAGS_FOLDER/my_ml_dag.py', '--cfg-path', '/tmp/tmp12y2i2nt', '--error-file', '/tmp/tmpuz1tcna5']
[2022-07-06 15:42:01,465] {standard_task_runner.py:80} INFO - Job 27: Subtask training_model_C
[2022-07-06 15:42:02,352] {task_command.py:370} INFO - Running <TaskInstance: my_dag.training_model_C manual__2022-07-06T15:41:51.506436+00:00 [running]> on host fce85b9f2669
[2022-07-06 15:42:02,810] {taskinstance.py:1569} INFO - Exporting the following env vars:
AIRFLOW_CTX_DAG_OWNER=***
AIRFLOW_CTX_DAG_ID=my_dag
AIRFLOW_CTX_TASK_ID=training_model_C
AIRFLOW_CTX_EXECUTION_DATE=2022-07-06T15:41:51.506436+00:00
AIRFLOW_CTX_TRY_NUMBER=1
AIRFLOW_CTX_DAG_RUN_ID=manual__2022-07-06T15:41:51.506436+00:00
[2022-07-06 15:42:02,823] {python.py:173} INFO - Done. Returned value was: 6
[2022-07-06 15:42:03,130] {taskinstance.py:1395} INFO - Marking task as SUCCESS. dag_id=my_dag, task_id=training_model_C, execution_date=20220706T154151, start_date=20220706T154200, end_date=20220706T154203
[2022-07-06 15:42:03,306] {local_task_job.py:156} INFO - Task exited with return code 0
[2022-07-06 15:42:03,644] {local_task_job.py:273} INFO - 0 downstream tasks scheduled from follow-on schedule check
