[2022-07-06 15:40:27,528] {taskinstance.py:1159} INFO - Dependencies all met for <TaskInstance: my_dag.accurate scheduled__2022-07-05T00:00:00+00:00 [queued]>
[2022-07-06 15:40:27,729] {taskinstance.py:1159} INFO - Dependencies all met for <TaskInstance: my_dag.accurate scheduled__2022-07-05T00:00:00+00:00 [queued]>
[2022-07-06 15:40:27,731] {taskinstance.py:1356} INFO - 
--------------------------------------------------------------------------------
[2022-07-06 15:40:27,732] {taskinstance.py:1357} INFO - Starting attempt 1 of 1
[2022-07-06 15:40:27,734] {taskinstance.py:1358} INFO - 
--------------------------------------------------------------------------------
[2022-07-06 15:40:27,947] {taskinstance.py:1377} INFO - Executing <Task(BashOperator): accurate> on 2022-07-05 00:00:00+00:00
[2022-07-06 15:40:28,005] {standard_task_runner.py:52} INFO - Started process 192 to run task
[2022-07-06 15:40:28,053] {standard_task_runner.py:79} INFO - Running: ['***', 'tasks', 'run', 'my_dag', 'accurate', 'scheduled__2022-07-05T00:00:00+00:00', '--job-id', '24', '--raw', '--subdir', 'DAGS_FOLDER/my_ml_dag.py', '--cfg-path', '/tmp/tmp6nmhgy90', '--error-file', '/tmp/tmp9pbhx1gz']
[2022-07-06 15:40:28,063] {standard_task_runner.py:80} INFO - Job 24: Subtask accurate
[2022-07-06 15:40:30,475] {task_command.py:370} INFO - Running <TaskInstance: my_dag.accurate scheduled__2022-07-05T00:00:00+00:00 [running]> on host fce85b9f2669
[2022-07-06 15:40:31,072] {taskinstance.py:1569} INFO - Exporting the following env vars:
AIRFLOW_CTX_DAG_OWNER=***
AIRFLOW_CTX_DAG_ID=my_dag
AIRFLOW_CTX_TASK_ID=accurate
AIRFLOW_CTX_EXECUTION_DATE=2022-07-05T00:00:00+00:00
AIRFLOW_CTX_TRY_NUMBER=1
AIRFLOW_CTX_DAG_RUN_ID=scheduled__2022-07-05T00:00:00+00:00
[2022-07-06 15:40:31,086] {subprocess.py:62} INFO - Tmp dir root location: 
 /tmp
[2022-07-06 15:40:31,100] {subprocess.py:74} INFO - Running command: ['bash', '-c', "echo 'accurate'"]
[2022-07-06 15:40:31,324] {subprocess.py:85} INFO - Output:
[2022-07-06 15:40:31,344] {subprocess.py:92} INFO - accurate
[2022-07-06 15:40:31,366] {subprocess.py:96} INFO - Command exited with return code 0
[2022-07-06 15:40:31,773] {taskinstance.py:1395} INFO - Marking task as SUCCESS. dag_id=my_dag, task_id=accurate, execution_date=20220705T000000, start_date=20220706T154027, end_date=20220706T154031
[2022-07-06 15:40:32,294] {local_task_job.py:156} INFO - Task exited with return code 0
[2022-07-06 15:40:32,596] {local_task_job.py:273} INFO - 0 downstream tasks scheduled from follow-on schedule check
