[2022-07-06 15:42:00,098] {taskinstance.py:1159} INFO - Dependencies all met for <TaskInstance: my_dag.training_model_B manual__2022-07-06T15:41:51.506436+00:00 [queued]>
[2022-07-06 15:42:00,246] {taskinstance.py:1159} INFO - Dependencies all met for <TaskInstance: my_dag.training_model_B manual__2022-07-06T15:41:51.506436+00:00 [queued]>
[2022-07-06 15:42:00,251] {taskinstance.py:1356} INFO - 
--------------------------------------------------------------------------------
[2022-07-06 15:42:00,254] {taskinstance.py:1357} INFO - Starting attempt 1 of 1
[2022-07-06 15:42:00,256] {taskinstance.py:1358} INFO - 
--------------------------------------------------------------------------------
[2022-07-06 15:42:00,462] {taskinstance.py:1377} INFO - Executing <Task(PythonOperator): training_model_B> on 2022-07-06 15:41:51.506436+00:00
[2022-07-06 15:42:00,581] {standard_task_runner.py:52} INFO - Started process 250 to run task
[2022-07-06 15:42:00,657] {standard_task_runner.py:79} INFO - Running: ['***', 'tasks', 'run', 'my_dag', 'training_model_B', 'manual__2022-07-06T15:41:51.506436+00:00', '--job-id', '26', '--raw', '--subdir', 'DAGS_FOLDER/my_ml_dag.py', '--cfg-path', '/tmp/tmptg8272_k', '--error-file', '/tmp/tmpuwkd9qdl']
[2022-07-06 15:42:00,718] {standard_task_runner.py:80} INFO - Job 26: Subtask training_model_B
[2022-07-06 15:42:01,752] {task_command.py:370} INFO - Running <TaskInstance: my_dag.training_model_B manual__2022-07-06T15:41:51.506436+00:00 [running]> on host fce85b9f2669
[2022-07-06 15:42:02,771] {taskinstance.py:1569} INFO - Exporting the following env vars:
AIRFLOW_CTX_DAG_OWNER=***
AIRFLOW_CTX_DAG_ID=my_dag
AIRFLOW_CTX_TASK_ID=training_model_B
AIRFLOW_CTX_EXECUTION_DATE=2022-07-06T15:41:51.506436+00:00
AIRFLOW_CTX_TRY_NUMBER=1
AIRFLOW_CTX_DAG_RUN_ID=manual__2022-07-06T15:41:51.506436+00:00
[2022-07-06 15:42:02,775] {python.py:173} INFO - Done. Returned value was: 1
[2022-07-06 15:42:03,087] {taskinstance.py:1395} INFO - Marking task as SUCCESS. dag_id=my_dag, task_id=training_model_B, execution_date=20220706T154151, start_date=20220706T154200, end_date=20220706T154203
[2022-07-06 15:42:03,240] {local_task_job.py:156} INFO - Task exited with return code 0
[2022-07-06 15:42:03,546] {local_task_job.py:273} INFO - 1 downstream tasks scheduled from follow-on schedule check
