[2022-07-06 15:40:06,585] {taskinstance.py:1159} INFO - Dependencies all met for <TaskInstance: my_dag.training_model_C manual__2022-07-06T15:40:01.040660+00:00 [queued]>
[2022-07-06 15:40:06,693] {taskinstance.py:1159} INFO - Dependencies all met for <TaskInstance: my_dag.training_model_C manual__2022-07-06T15:40:01.040660+00:00 [queued]>
[2022-07-06 15:40:06,705] {taskinstance.py:1356} INFO - 
--------------------------------------------------------------------------------
[2022-07-06 15:40:06,707] {taskinstance.py:1357} INFO - Starting attempt 1 of 1
[2022-07-06 15:40:06,709] {taskinstance.py:1358} INFO - 
--------------------------------------------------------------------------------
[2022-07-06 15:40:06,881] {taskinstance.py:1377} INFO - Executing <Task(PythonOperator): training_model_C> on 2022-07-06 15:40:01.040660+00:00
[2022-07-06 15:40:06,913] {standard_task_runner.py:52} INFO - Started process 171 to run task
[2022-07-06 15:40:06,981] {standard_task_runner.py:79} INFO - Running: ['***', 'tasks', 'run', 'my_dag', 'training_model_C', 'manual__2022-07-06T15:40:01.040660+00:00', '--job-id', '17', '--raw', '--subdir', 'DAGS_FOLDER/my_ml_dag.py', '--cfg-path', '/tmp/tmpisddvrjh', '--error-file', '/tmp/tmp_3eka3l0']
[2022-07-06 15:40:06,990] {standard_task_runner.py:80} INFO - Job 17: Subtask training_model_C
[2022-07-06 15:40:11,439] {task_command.py:370} INFO - Running <TaskInstance: my_dag.training_model_C manual__2022-07-06T15:40:01.040660+00:00 [running]> on host fce85b9f2669
[2022-07-06 15:40:14,274] {taskinstance.py:1569} INFO - Exporting the following env vars:
AIRFLOW_CTX_DAG_OWNER=***
AIRFLOW_CTX_DAG_ID=my_dag
AIRFLOW_CTX_TASK_ID=training_model_C
AIRFLOW_CTX_EXECUTION_DATE=2022-07-06T15:40:01.040660+00:00
AIRFLOW_CTX_TRY_NUMBER=1
AIRFLOW_CTX_DAG_RUN_ID=manual__2022-07-06T15:40:01.040660+00:00
[2022-07-06 15:40:14,281] {python.py:173} INFO - Done. Returned value was: 10
[2022-07-06 15:40:14,910] {taskinstance.py:1395} INFO - Marking task as SUCCESS. dag_id=my_dag, task_id=training_model_C, execution_date=20220706T154001, start_date=20220706T154006, end_date=20220706T154014
[2022-07-06 15:40:15,294] {local_task_job.py:156} INFO - Task exited with return code 0
[2022-07-06 15:40:15,762] {local_task_job.py:273} INFO - 0 downstream tasks scheduled from follow-on schedule check
