[2022-07-06 15:41:57,480] {taskinstance.py:1159} INFO - Dependencies all met for <TaskInstance: my_dag.training_model_A manual__2022-07-06T15:41:51.506436+00:00 [queued]>
[2022-07-06 15:41:57,530] {taskinstance.py:1159} INFO - Dependencies all met for <TaskInstance: my_dag.training_model_A manual__2022-07-06T15:41:51.506436+00:00 [queued]>
[2022-07-06 15:41:57,534] {taskinstance.py:1356} INFO - 
--------------------------------------------------------------------------------
[2022-07-06 15:41:57,535] {taskinstance.py:1357} INFO - Starting attempt 1 of 1
[2022-07-06 15:41:57,539] {taskinstance.py:1358} INFO - 
--------------------------------------------------------------------------------
[2022-07-06 15:41:57,655] {taskinstance.py:1377} INFO - Executing <Task(PythonOperator): training_model_A> on 2022-07-06 15:41:51.506436+00:00
[2022-07-06 15:41:57,697] {standard_task_runner.py:52} INFO - Started process 249 to run task
[2022-07-06 15:41:57,772] {standard_task_runner.py:79} INFO - Running: ['***', 'tasks', 'run', 'my_dag', 'training_model_A', 'manual__2022-07-06T15:41:51.506436+00:00', '--job-id', '25', '--raw', '--subdir', 'DAGS_FOLDER/my_ml_dag.py', '--cfg-path', '/tmp/tmphoivoyun', '--error-file', '/tmp/tmp6wmmhdej']
[2022-07-06 15:41:57,787] {standard_task_runner.py:80} INFO - Job 25: Subtask training_model_A
[2022-07-06 15:41:59,888] {task_command.py:370} INFO - Running <TaskInstance: my_dag.training_model_A manual__2022-07-06T15:41:51.506436+00:00 [running]> on host fce85b9f2669
[2022-07-06 15:42:01,440] {taskinstance.py:1569} INFO - Exporting the following env vars:
AIRFLOW_CTX_DAG_OWNER=***
AIRFLOW_CTX_DAG_ID=my_dag
AIRFLOW_CTX_TASK_ID=training_model_A
AIRFLOW_CTX_EXECUTION_DATE=2022-07-06T15:41:51.506436+00:00
AIRFLOW_CTX_TRY_NUMBER=1
AIRFLOW_CTX_DAG_RUN_ID=manual__2022-07-06T15:41:51.506436+00:00
[2022-07-06 15:42:01,455] {python.py:173} INFO - Done. Returned value was: 3
[2022-07-06 15:42:01,803] {taskinstance.py:1395} INFO - Marking task as SUCCESS. dag_id=my_dag, task_id=training_model_A, execution_date=20220706T154151, start_date=20220706T154157, end_date=20220706T154201
[2022-07-06 15:42:02,262] {local_task_job.py:156} INFO - Task exited with return code 0
[2022-07-06 15:42:02,522] {local_task_job.py:273} INFO - 0 downstream tasks scheduled from follow-on schedule check
