[2022-07-06 15:40:26,534] {taskinstance.py:1159} INFO - Dependencies all met for <TaskInstance: my_dag.accurate manual__2022-07-06T15:40:01.040660+00:00 [queued]>
[2022-07-06 15:40:26,782] {taskinstance.py:1159} INFO - Dependencies all met for <TaskInstance: my_dag.accurate manual__2022-07-06T15:40:01.040660+00:00 [queued]>
[2022-07-06 15:40:26,791] {taskinstance.py:1356} INFO - 
--------------------------------------------------------------------------------
[2022-07-06 15:40:26,793] {taskinstance.py:1357} INFO - Starting attempt 1 of 1
[2022-07-06 15:40:26,797] {taskinstance.py:1358} INFO - 
--------------------------------------------------------------------------------
[2022-07-06 15:40:27,355] {taskinstance.py:1377} INFO - Executing <Task(BashOperator): accurate> on 2022-07-06 15:40:01.040660+00:00
[2022-07-06 15:40:27,414] {standard_task_runner.py:52} INFO - Started process 191 to run task
[2022-07-06 15:40:27,470] {standard_task_runner.py:79} INFO - Running: ['***', 'tasks', 'run', 'my_dag', 'accurate', 'manual__2022-07-06T15:40:01.040660+00:00', '--job-id', '23', '--raw', '--subdir', 'DAGS_FOLDER/my_ml_dag.py', '--cfg-path', '/tmp/tmpfe7q02yr', '--error-file', '/tmp/tmph13v9gsu']
[2022-07-06 15:40:27,483] {standard_task_runner.py:80} INFO - Job 23: Subtask accurate
[2022-07-06 15:40:27,975] {task_command.py:370} INFO - Running <TaskInstance: my_dag.accurate manual__2022-07-06T15:40:01.040660+00:00 [running]> on host fce85b9f2669
[2022-07-06 15:40:30,239] {taskinstance.py:1569} INFO - Exporting the following env vars:
AIRFLOW_CTX_DAG_OWNER=***
AIRFLOW_CTX_DAG_ID=my_dag
AIRFLOW_CTX_TASK_ID=accurate
AIRFLOW_CTX_EXECUTION_DATE=2022-07-06T15:40:01.040660+00:00
AIRFLOW_CTX_TRY_NUMBER=1
AIRFLOW_CTX_DAG_RUN_ID=manual__2022-07-06T15:40:01.040660+00:00
[2022-07-06 15:40:30,246] {subprocess.py:62} INFO - Tmp dir root location: 
 /tmp
[2022-07-06 15:40:30,256] {subprocess.py:74} INFO - Running command: ['bash', '-c', "echo 'accurate'"]
[2022-07-06 15:40:30,522] {subprocess.py:85} INFO - Output:
[2022-07-06 15:40:30,560] {subprocess.py:92} INFO - accurate
[2022-07-06 15:40:30,572] {subprocess.py:96} INFO - Command exited with return code 0
[2022-07-06 15:40:30,750] {taskinstance.py:1395} INFO - Marking task as SUCCESS. dag_id=my_dag, task_id=accurate, execution_date=20220706T154001, start_date=20220706T154026, end_date=20220706T154030
[2022-07-06 15:40:31,184] {local_task_job.py:156} INFO - Task exited with return code 0
[2022-07-06 15:40:31,628] {local_task_job.py:273} INFO - 0 downstream tasks scheduled from follow-on schedule check
