[2022-07-06 15:40:05,453] {taskinstance.py:1159} INFO - Dependencies all met for <TaskInstance: my_dag.training_model_A scheduled__2022-07-05T00:00:00+00:00 [queued]>
[2022-07-06 15:40:06,177] {taskinstance.py:1159} INFO - Dependencies all met for <TaskInstance: my_dag.training_model_A scheduled__2022-07-05T00:00:00+00:00 [queued]>
[2022-07-06 15:40:06,185] {taskinstance.py:1356} INFO - 
--------------------------------------------------------------------------------
[2022-07-06 15:40:06,188] {taskinstance.py:1357} INFO - Starting attempt 1 of 1
[2022-07-06 15:40:06,190] {taskinstance.py:1358} INFO - 
--------------------------------------------------------------------------------
[2022-07-06 15:40:06,564] {taskinstance.py:1377} INFO - Executing <Task(PythonOperator): training_model_A> on 2022-07-05 00:00:00+00:00
[2022-07-06 15:40:06,625] {standard_task_runner.py:52} INFO - Started process 170 to run task
[2022-07-06 15:40:06,697] {standard_task_runner.py:79} INFO - Running: ['***', 'tasks', 'run', 'my_dag', 'training_model_A', 'scheduled__2022-07-05T00:00:00+00:00', '--job-id', '15', '--raw', '--subdir', 'DAGS_FOLDER/my_ml_dag.py', '--cfg-path', '/tmp/tmpfo8s00iw', '--error-file', '/tmp/tmpr8xq3374']
[2022-07-06 15:40:06,726] {standard_task_runner.py:80} INFO - Job 15: Subtask training_model_A
[2022-07-06 15:40:07,834] {task_command.py:370} INFO - Running <TaskInstance: my_dag.training_model_A scheduled__2022-07-05T00:00:00+00:00 [running]> on host fce85b9f2669
[2022-07-06 15:40:12,140] {taskinstance.py:1569} INFO - Exporting the following env vars:
AIRFLOW_CTX_DAG_OWNER=***
AIRFLOW_CTX_DAG_ID=my_dag
AIRFLOW_CTX_TASK_ID=training_model_A
AIRFLOW_CTX_EXECUTION_DATE=2022-07-05T00:00:00+00:00
AIRFLOW_CTX_TRY_NUMBER=1
AIRFLOW_CTX_DAG_RUN_ID=scheduled__2022-07-05T00:00:00+00:00
[2022-07-06 15:40:12,258] {python.py:173} INFO - Done. Returned value was: 2
[2022-07-06 15:40:13,570] {taskinstance.py:1395} INFO - Marking task as SUCCESS. dag_id=my_dag, task_id=training_model_A, execution_date=20220705T000000, start_date=20220706T154005, end_date=20220706T154013
[2022-07-06 15:40:14,133] {local_task_job.py:156} INFO - Task exited with return code 0
[2022-07-06 15:40:14,590] {local_task_job.py:273} INFO - 0 downstream tasks scheduled from follow-on schedule check
