[2022-07-06 15:43:12,054] {taskinstance.py:1159} INFO - Dependencies all met for <TaskInstance: my_dag.training_model_C manual__2022-07-06T15:43:05.674045+00:00 [queued]>
[2022-07-06 15:43:12,839] {taskinstance.py:1159} INFO - Dependencies all met for <TaskInstance: my_dag.training_model_C manual__2022-07-06T15:43:05.674045+00:00 [queued]>
[2022-07-06 15:43:12,885] {taskinstance.py:1356} INFO - 
--------------------------------------------------------------------------------
[2022-07-06 15:43:12,890] {taskinstance.py:1357} INFO - Starting attempt 1 of 1
[2022-07-06 15:43:12,957] {taskinstance.py:1358} INFO - 
--------------------------------------------------------------------------------
[2022-07-06 15:43:14,429] {taskinstance.py:1377} INFO - Executing <Task(PythonOperator): training_model_C> on 2022-07-06 15:43:05.674045+00:00
[2022-07-06 15:43:15,433] {standard_task_runner.py:52} INFO - Started process 300 to run task
[2022-07-06 15:43:15,612] {standard_task_runner.py:79} INFO - Running: ['***', 'tasks', 'run', 'my_dag', 'training_model_C', 'manual__2022-07-06T15:43:05.674045+00:00', '--job-id', '32', '--raw', '--subdir', 'DAGS_FOLDER/my_ml_dag.py', '--cfg-path', '/tmp/tmp0i67civq', '--error-file', '/tmp/tmp9eb35ojx']
[2022-07-06 15:43:15,633] {standard_task_runner.py:80} INFO - Job 32: Subtask training_model_C
[2022-07-06 15:43:16,361] {task_command.py:370} INFO - Running <TaskInstance: my_dag.training_model_C manual__2022-07-06T15:43:05.674045+00:00 [running]> on host fce85b9f2669
[2022-07-06 15:43:17,262] {taskinstance.py:1569} INFO - Exporting the following env vars:
AIRFLOW_CTX_DAG_OWNER=***
AIRFLOW_CTX_DAG_ID=my_dag
AIRFLOW_CTX_TASK_ID=training_model_C
AIRFLOW_CTX_EXECUTION_DATE=2022-07-06T15:43:05.674045+00:00
AIRFLOW_CTX_TRY_NUMBER=1
AIRFLOW_CTX_DAG_RUN_ID=manual__2022-07-06T15:43:05.674045+00:00
[2022-07-06 15:43:17,285] {python.py:173} INFO - Done. Returned value was: 6
[2022-07-06 15:43:17,559] {taskinstance.py:1395} INFO - Marking task as SUCCESS. dag_id=my_dag, task_id=training_model_C, execution_date=20220706T154305, start_date=20220706T154312, end_date=20220706T154317
[2022-07-06 15:43:17,739] {local_task_job.py:156} INFO - Task exited with return code 0
[2022-07-06 15:43:17,954] {local_task_job.py:273} INFO - 0 downstream tasks scheduled from follow-on schedule check
