[2022-07-06 15:43:11,658] {taskinstance.py:1159} INFO - Dependencies all met for <TaskInstance: my_dag.training_model_B manual__2022-07-06T15:43:05.674045+00:00 [queued]>
[2022-07-06 15:43:11,821] {taskinstance.py:1159} INFO - Dependencies all met for <TaskInstance: my_dag.training_model_B manual__2022-07-06T15:43:05.674045+00:00 [queued]>
[2022-07-06 15:43:11,829] {taskinstance.py:1356} INFO - 
--------------------------------------------------------------------------------
[2022-07-06 15:43:11,834] {taskinstance.py:1357} INFO - Starting attempt 1 of 1
[2022-07-06 15:43:11,846] {taskinstance.py:1358} INFO - 
--------------------------------------------------------------------------------
[2022-07-06 15:43:11,967] {taskinstance.py:1377} INFO - Executing <Task(PythonOperator): training_model_B> on 2022-07-06 15:43:05.674045+00:00
[2022-07-06 15:43:12,004] {standard_task_runner.py:52} INFO - Started process 299 to run task
[2022-07-06 15:43:12,389] {standard_task_runner.py:79} INFO - Running: ['***', 'tasks', 'run', 'my_dag', 'training_model_B', 'manual__2022-07-06T15:43:05.674045+00:00', '--job-id', '31', '--raw', '--subdir', 'DAGS_FOLDER/my_ml_dag.py', '--cfg-path', '/tmp/tmpzp9a4fvn', '--error-file', '/tmp/tmp6tzimqdo']
[2022-07-06 15:43:12,507] {standard_task_runner.py:80} INFO - Job 31: Subtask training_model_B
[2022-07-06 15:43:16,068] {task_command.py:370} INFO - Running <TaskInstance: my_dag.training_model_B manual__2022-07-06T15:43:05.674045+00:00 [running]> on host fce85b9f2669
[2022-07-06 15:43:17,164] {taskinstance.py:1569} INFO - Exporting the following env vars:
AIRFLOW_CTX_DAG_OWNER=***
AIRFLOW_CTX_DAG_ID=my_dag
AIRFLOW_CTX_TASK_ID=training_model_B
AIRFLOW_CTX_EXECUTION_DATE=2022-07-06T15:43:05.674045+00:00
AIRFLOW_CTX_TRY_NUMBER=1
AIRFLOW_CTX_DAG_RUN_ID=manual__2022-07-06T15:43:05.674045+00:00
[2022-07-06 15:43:17,182] {python.py:173} INFO - Done. Returned value was: 6
[2022-07-06 15:43:17,466] {taskinstance.py:1395} INFO - Marking task as SUCCESS. dag_id=my_dag, task_id=training_model_B, execution_date=20220706T154305, start_date=20220706T154311, end_date=20220706T154317
[2022-07-06 15:43:17,655] {local_task_job.py:156} INFO - Task exited with return code 0
[2022-07-06 15:43:17,855] {local_task_job.py:273} INFO - 1 downstream tasks scheduled from follow-on schedule check
