[2022-07-06 15:40:19,516] {taskinstance.py:1159} INFO - Dependencies all met for <TaskInstance: my_dag.choose_best_model manual__2022-07-06T15:40:01.040660+00:00 [queued]>
[2022-07-06 15:40:19,567] {taskinstance.py:1159} INFO - Dependencies all met for <TaskInstance: my_dag.choose_best_model manual__2022-07-06T15:40:01.040660+00:00 [queued]>
[2022-07-06 15:40:19,573] {taskinstance.py:1356} INFO - 
--------------------------------------------------------------------------------
[2022-07-06 15:40:19,575] {taskinstance.py:1357} INFO - Starting attempt 1 of 1
[2022-07-06 15:40:19,576] {taskinstance.py:1358} INFO - 
--------------------------------------------------------------------------------
[2022-07-06 15:40:19,639] {taskinstance.py:1377} INFO - Executing <Task(BranchPythonOperator): choose_best_model> on 2022-07-06 15:40:01.040660+00:00
[2022-07-06 15:40:19,684] {standard_task_runner.py:52} INFO - Started process 187 to run task
[2022-07-06 15:40:19,733] {standard_task_runner.py:79} INFO - Running: ['***', 'tasks', 'run', 'my_dag', 'choose_best_model', 'manual__2022-07-06T15:40:01.040660+00:00', '--job-id', '21', '--raw', '--subdir', 'DAGS_FOLDER/my_ml_dag.py', '--cfg-path', '/tmp/tmp65tu37ve', '--error-file', '/tmp/tmprkungm1u']
[2022-07-06 15:40:19,746] {standard_task_runner.py:80} INFO - Job 21: Subtask choose_best_model
[2022-07-06 15:40:20,056] {task_command.py:370} INFO - Running <TaskInstance: my_dag.choose_best_model manual__2022-07-06T15:40:01.040660+00:00 [running]> on host fce85b9f2669
[2022-07-06 15:40:21,473] {taskinstance.py:1569} INFO - Exporting the following env vars:
AIRFLOW_CTX_DAG_OWNER=***
AIRFLOW_CTX_DAG_ID=my_dag
AIRFLOW_CTX_TASK_ID=choose_best_model
AIRFLOW_CTX_EXECUTION_DATE=2022-07-06T15:40:01.040660+00:00
AIRFLOW_CTX_TRY_NUMBER=1
AIRFLOW_CTX_DAG_RUN_ID=manual__2022-07-06T15:40:01.040660+00:00
[2022-07-06 15:40:21,554] {python.py:173} INFO - Done. Returned value was: accurate
[2022-07-06 15:40:21,559] {skipmixin.py:140} INFO - Following branch accurate
[2022-07-06 15:40:21,562] {skipmixin.py:175} INFO - Skipping tasks ['inaccurate']
[2022-07-06 15:40:22,605] {taskinstance.py:1395} INFO - Marking task as SUCCESS. dag_id=my_dag, task_id=choose_best_model, execution_date=20220706T154001, start_date=20220706T154019, end_date=20220706T154022
[2022-07-06 15:40:22,794] {local_task_job.py:156} INFO - Task exited with return code 0
[2022-07-06 15:40:22,996] {local_task_job.py:273} INFO - 1 downstream tasks scheduled from follow-on schedule check
