[2022-07-06 15:42:07,702] {taskinstance.py:1159} INFO - Dependencies all met for <TaskInstance: my_dag.choose_best_model manual__2022-07-06T15:41:51.506436+00:00 [queued]>
[2022-07-06 15:42:07,837] {taskinstance.py:1159} INFO - Dependencies all met for <TaskInstance: my_dag.choose_best_model manual__2022-07-06T15:41:51.506436+00:00 [queued]>
[2022-07-06 15:42:07,838] {taskinstance.py:1356} INFO - 
--------------------------------------------------------------------------------
[2022-07-06 15:42:07,908] {taskinstance.py:1357} INFO - Starting attempt 1 of 1
[2022-07-06 15:42:08,009] {taskinstance.py:1358} INFO - 
--------------------------------------------------------------------------------
[2022-07-06 15:42:08,139] {taskinstance.py:1377} INFO - Executing <Task(BranchPythonOperator): choose_best_model> on 2022-07-06 15:41:51.506436+00:00
[2022-07-06 15:42:08,168] {standard_task_runner.py:52} INFO - Started process 253 to run task
[2022-07-06 15:42:08,198] {standard_task_runner.py:79} INFO - Running: ['***', 'tasks', 'run', 'my_dag', 'choose_best_model', 'manual__2022-07-06T15:41:51.506436+00:00', '--job-id', '28', '--raw', '--subdir', 'DAGS_FOLDER/my_ml_dag.py', '--cfg-path', '/tmp/tmpacz9_2vg', '--error-file', '/tmp/tmpfc7_wy0y']
[2022-07-06 15:42:08,205] {standard_task_runner.py:80} INFO - Job 28: Subtask choose_best_model
[2022-07-06 15:42:08,709] {task_command.py:370} INFO - Running <TaskInstance: my_dag.choose_best_model manual__2022-07-06T15:41:51.506436+00:00 [running]> on host fce85b9f2669
[2022-07-06 15:42:09,646] {taskinstance.py:1569} INFO - Exporting the following env vars:
AIRFLOW_CTX_DAG_OWNER=***
AIRFLOW_CTX_DAG_ID=my_dag
AIRFLOW_CTX_TASK_ID=choose_best_model
AIRFLOW_CTX_EXECUTION_DATE=2022-07-06T15:41:51.506436+00:00
AIRFLOW_CTX_TRY_NUMBER=1
AIRFLOW_CTX_DAG_RUN_ID=manual__2022-07-06T15:41:51.506436+00:00
[2022-07-06 15:42:09,690] {python.py:173} INFO - Done. Returned value was: accurate
[2022-07-06 15:42:09,692] {skipmixin.py:140} INFO - Following branch accurate
[2022-07-06 15:42:09,699] {skipmixin.py:175} INFO - Skipping tasks ['inaccurate']
[2022-07-06 15:42:09,852] {taskinstance.py:1395} INFO - Marking task as SUCCESS. dag_id=my_dag, task_id=choose_best_model, execution_date=20220706T154151, start_date=20220706T154207, end_date=20220706T154209
[2022-07-06 15:42:09,937] {local_task_job.py:156} INFO - Task exited with return code 0
[2022-07-06 15:42:10,106] {local_task_job.py:273} INFO - 1 downstream tasks scheduled from follow-on schedule check
