[2022-07-06 15:40:07,753] {taskinstance.py:1159} INFO - Dependencies all met for <TaskInstance: my_dag.training_model_C scheduled__2022-07-05T00:00:00+00:00 [queued]>
[2022-07-06 15:40:09,047] {taskinstance.py:1159} INFO - Dependencies all met for <TaskInstance: my_dag.training_model_C scheduled__2022-07-05T00:00:00+00:00 [queued]>
[2022-07-06 15:40:09,141] {taskinstance.py:1356} INFO - 
--------------------------------------------------------------------------------
[2022-07-06 15:40:09,152] {taskinstance.py:1357} INFO - Starting attempt 1 of 1
[2022-07-06 15:40:09,168] {taskinstance.py:1358} INFO - 
--------------------------------------------------------------------------------
[2022-07-06 15:40:10,476] {taskinstance.py:1377} INFO - Executing <Task(PythonOperator): training_model_C> on 2022-07-05 00:00:00+00:00
[2022-07-06 15:40:10,845] {standard_task_runner.py:52} INFO - Started process 182 to run task
[2022-07-06 15:40:10,929] {standard_task_runner.py:79} INFO - Running: ['***', 'tasks', 'run', 'my_dag', 'training_model_C', 'scheduled__2022-07-05T00:00:00+00:00', '--job-id', '20', '--raw', '--subdir', 'DAGS_FOLDER/my_ml_dag.py', '--cfg-path', '/tmp/tmpsj3a112t', '--error-file', '/tmp/tmprs99rhok']
[2022-07-06 15:40:10,959] {standard_task_runner.py:80} INFO - Job 20: Subtask training_model_C
[2022-07-06 15:40:13,799] {task_command.py:370} INFO - Running <TaskInstance: my_dag.training_model_C scheduled__2022-07-05T00:00:00+00:00 [running]> on host fce85b9f2669
[2022-07-06 15:40:15,733] {taskinstance.py:1569} INFO - Exporting the following env vars:
AIRFLOW_CTX_DAG_OWNER=***
AIRFLOW_CTX_DAG_ID=my_dag
AIRFLOW_CTX_TASK_ID=training_model_C
AIRFLOW_CTX_EXECUTION_DATE=2022-07-05T00:00:00+00:00
AIRFLOW_CTX_TRY_NUMBER=1
AIRFLOW_CTX_DAG_RUN_ID=scheduled__2022-07-05T00:00:00+00:00
[2022-07-06 15:40:15,773] {python.py:173} INFO - Done. Returned value was: 9
[2022-07-06 15:40:16,203] {taskinstance.py:1395} INFO - Marking task as SUCCESS. dag_id=my_dag, task_id=training_model_C, execution_date=20220705T000000, start_date=20220706T154007, end_date=20220706T154016
[2022-07-06 15:40:16,318] {local_task_job.py:220} WARNING - State of this instance has been externally set to success. Terminating instance.
[2022-07-06 15:40:16,325] {process_utils.py:125} INFO - Sending Signals.SIGTERM to group 182. PIDs of all processes in the group: [182]
[2022-07-06 15:40:16,336] {process_utils.py:80} INFO - Sending the signal Signals.SIGTERM to group 182
[2022-07-06 15:40:16,572] {process_utils.py:75} INFO - Process psutil.Process(pid=182, status='terminated', exitcode=0, started='15:40:10') (182) terminated with exit code 0
