[2022-07-06 15:40:06,872] {taskinstance.py:1159} INFO - Dependencies all met for <TaskInstance: my_dag.training_model_B scheduled__2022-07-05T00:00:00+00:00 [queued]>
[2022-07-06 15:40:07,047] {taskinstance.py:1159} INFO - Dependencies all met for <TaskInstance: my_dag.training_model_B scheduled__2022-07-05T00:00:00+00:00 [queued]>
[2022-07-06 15:40:07,062] {taskinstance.py:1356} INFO - 
--------------------------------------------------------------------------------
[2022-07-06 15:40:07,065] {taskinstance.py:1357} INFO - Starting attempt 1 of 1
[2022-07-06 15:40:07,067] {taskinstance.py:1358} INFO - 
--------------------------------------------------------------------------------
[2022-07-06 15:40:07,243] {taskinstance.py:1377} INFO - Executing <Task(PythonOperator): training_model_B> on 2022-07-05 00:00:00+00:00
[2022-07-06 15:40:07,670] {standard_task_runner.py:52} INFO - Started process 173 to run task
[2022-07-06 15:40:07,962] {standard_task_runner.py:79} INFO - Running: ['***', 'tasks', 'run', 'my_dag', 'training_model_B', 'scheduled__2022-07-05T00:00:00+00:00', '--job-id', '19', '--raw', '--subdir', 'DAGS_FOLDER/my_ml_dag.py', '--cfg-path', '/tmp/tmp0haru190', '--error-file', '/tmp/tmppof34_cf']
[2022-07-06 15:40:08,393] {standard_task_runner.py:80} INFO - Job 19: Subtask training_model_B
[2022-07-06 15:40:11,869] {task_command.py:370} INFO - Running <TaskInstance: my_dag.training_model_B scheduled__2022-07-05T00:00:00+00:00 [running]> on host fce85b9f2669
[2022-07-06 15:40:14,755] {taskinstance.py:1569} INFO - Exporting the following env vars:
AIRFLOW_CTX_DAG_OWNER=***
AIRFLOW_CTX_DAG_ID=my_dag
AIRFLOW_CTX_TASK_ID=training_model_B
AIRFLOW_CTX_EXECUTION_DATE=2022-07-05T00:00:00+00:00
AIRFLOW_CTX_TRY_NUMBER=1
AIRFLOW_CTX_DAG_RUN_ID=scheduled__2022-07-05T00:00:00+00:00
[2022-07-06 15:40:14,767] {python.py:173} INFO - Done. Returned value was: 1
[2022-07-06 15:40:15,204] {taskinstance.py:1395} INFO - Marking task as SUCCESS. dag_id=my_dag, task_id=training_model_B, execution_date=20220705T000000, start_date=20220706T154006, end_date=20220706T154015
[2022-07-06 15:40:15,578] {local_task_job.py:156} INFO - Task exited with return code 0
[2022-07-06 15:40:16,218] {local_task_job.py:273} INFO - 0 downstream tasks scheduled from follow-on schedule check
